<?xml version="1.0" encoding="UTF-8"?>
<testsuite xmlns:xsi="http://www.w3.org/2001/XMLSchema-instance" xsi:noNamespaceSchemaLocation="https://maven.apache.org/surefire/maven-surefire-plugin/xsd/surefire-test-report-3.0.xsd" version="3.0" name="school.sptech.projeto1.heranca.ProdutoTest" time="0.043" tests="3" errors="0" skipped="0" failures="0">
  <properties>
    <property name="java.specification.version" value="19"/>
    <property name="sun.jnu.encoding" value="UTF-8"/>
    <property name="java.class.path" value="/home/luifiller/Área de Trabalho/VSCode/SPTech - Repo/linguagem-de-programacao_sptech/Exercicios/05-11/projeto2-heranca-incompleto/target/test-classes:/home/luifiller/Área de Trabalho/VSCode/SPTech - Repo/linguagem-de-programacao_sptech/Exercicios/05-11/projeto2-heranca-incompleto/target/classes:/home/luifiller/.m2/repository/org/apache/commons/commons-lang3/3.12.0/commons-lang3-3.12.0.jar:/home/luifiller/.m2/repository/org/junit/jupiter/junit-jupiter-api/5.9.0/junit-jupiter-api-5.9.0.jar:/home/luifiller/.m2/repository/org/opentest4j/opentest4j/1.2.0/opentest4j-1.2.0.jar:/home/luifiller/.m2/repository/org/junit/platform/junit-platform-commons/1.9.0/junit-platform-commons-1.9.0.jar:/home/luifiller/.m2/repository/org/apiguardian/apiguardian-api/1.1.2/apiguardian-api-1.1.2.jar:/home/luifiller/.m2/repository/org/junit/jupiter/junit-jupiter-params/5.9.0/junit-jupiter-params-5.9.0.jar:/home/luifiller/.m2/repository/org/junit/jupiter/junit-jupiter-engine/5.9.0/junit-jupiter-engine-5.9.0.jar:/home/luifiller/.m2/repository/org/junit/platform/junit-platform-engine/1.9.0/junit-platform-engine-1.9.0.jar:"/>
    <property name="java.vm.vendor" value="Oracle Corporation"/>
    <property name="sun.arch.data.model" value="64"/>
    <property name="java.vendor.url" value="https://java.oracle.com/"/>
    <property name="os.name" value="Linux"/>
    <property name="java.vm.specification.version" value="19"/>
    <property name="user.country" value="BR"/>
    <property name="sun.java.launcher" value="SUN_STANDARD"/>
    <property name="sun.boot.library.path" value="/usr/lib/jvm/jdk-19/lib"/>
    <property name="sun.java.command" value="/home/luifiller/Área de Trabalho/VSCode/SPTech - Repo/linguagem-de-programacao_sptech/Exercicios/05-11/projeto2-heranca-incompleto/target/surefire/surefirebooter13776512960786991802.jar /home/luifiller/Área de Trabalho/VSCode/SPTech - Repo/linguagem-de-programacao_sptech/Exercicios/05-11/projeto2-heranca-incompleto/target/surefire 2023-05-15T20-27-14_793-jvmRun1 surefire4351794187954579255tmp surefire_014042236619472148472tmp"/>
    <property name="jdk.debug" value="release"/>
    <property name="surefire.test.class.path" value="/home/luifiller/Área de Trabalho/VSCode/SPTech - Repo/linguagem-de-programacao_sptech/Exercicios/05-11/projeto2-heranca-incompleto/target/test-classes:/home/luifiller/Área de Trabalho/VSCode/SPTech - Repo/linguagem-de-programacao_sptech/Exercicios/05-11/projeto2-heranca-incompleto/target/classes:/home/luifiller/.m2/repository/org/apache/commons/commons-lang3/3.12.0/commons-lang3-3.12.0.jar:/home/luifiller/.m2/repository/org/junit/jupiter/junit-jupiter-api/5.9.0/junit-jupiter-api-5.9.0.jar:/home/luifiller/.m2/repository/org/opentest4j/opentest4j/1.2.0/opentest4j-1.2.0.jar:/home/luifiller/.m2/repository/org/junit/platform/junit-platform-commons/1.9.0/junit-platform-commons-1.9.0.jar:/home/luifiller/.m2/repository/org/apiguardian/apiguardian-api/1.1.2/apiguardian-api-1.1.2.jar:/home/luifiller/.m2/repository/org/junit/jupiter/junit-jupiter-params/5.9.0/junit-jupiter-params-5.9.0.jar:/home/luifiller/.m2/repository/org/junit/jupiter/junit-jupiter-engine/5.9.0/junit-jupiter-engine-5.9.0.jar:/home/luifiller/.m2/repository/org/junit/platform/junit-platform-engine/1.9.0/junit-platform-engine-1.9.0.jar:"/>
    <property name="sun.cpu.endian" value="little"/>
    <property name="user.home" value="/home/luifiller"/>
    <property name="user.language" value="pt"/>
    <property name="java.specification.vendor" value="Oracle Corporation"/>
    <property name="java.version.date" value="2023-01-17"/>
    <property name="java.home" value="/usr/lib/jvm/jdk-19"/>
    <property name="file.separator" value="/"/>
    <property name="basedir" value="/home/luifiller/Área de Trabalho/VSCode/SPTech - Repo/linguagem-de-programacao_sptech/Exercicios/05-11/projeto2-heranca-incompleto"/>
    <property name="java.vm.compressedOopsMode" value="32-bit"/>
    <property name="line.separator" value="&#10;"/>
    <property name="java.specification.name" value="Java Platform API Specification"/>
    <property name="java.vm.specification.vendor" value="Oracle Corporation"/>
    <property name="surefire.real.class.path" value="/home/luifiller/Área de Trabalho/VSCode/SPTech - Repo/linguagem-de-programacao_sptech/Exercicios/05-11/projeto2-heranca-incompleto/target/surefire/surefirebooter13776512960786991802.jar"/>
    <property name="sun.management.compiler" value="HotSpot 64-Bit Tiered Compilers"/>
    <property name="java.runtime.version" value="19.0.2+7-44"/>
    <property name="user.name" value="luifiller"/>
    <property name="stdout.encoding" value="UTF-8"/>
    <property name="path.separator" value=":"/>
    <property name="os.version" value="6.2.6-76060206-generic"/>
    <property name="java.runtime.name" value="Java(TM) SE Runtime Environment"/>
    <property name="file.encoding" value="UTF-8"/>
    <property name="java.vm.name" value="Java HotSpot(TM) 64-Bit Server VM"/>
    <property name="maven.ext.class.path" value="/usr/lib/apache-netbeans/java/maven-nblib/netbeans-eventspy.jar"/>
    <property name="localRepository" value="/home/luifiller/.m2/repository"/>
    <property name="java.vendor.url.bug" value="https://bugreport.java.com/bugreport/"/>
    <property name="java.io.tmpdir" value="/tmp"/>
    <property name="java.version" value="19.0.2"/>
    <property name="user.dir" value="/home/luifiller/Área de Trabalho/VSCode/SPTech - Repo/linguagem-de-programacao_sptech/Exercicios/05-11/projeto2-heranca-incompleto"/>
    <property name="os.arch" value="amd64"/>
    <property name="java.vm.specification.name" value="Java Virtual Machine Specification"/>
    <property name="native.encoding" value="UTF-8"/>
    <property name="java.library.path" value="/usr/java/packages/lib:/usr/lib64:/lib64:/lib:/usr/lib"/>
    <property name="java.vm.info" value="mixed mode, sharing"/>
    <property name="stderr.encoding" value="UTF-8"/>
    <property name="java.vendor" value="Oracle Corporation"/>
    <property name="java.vm.version" value="19.0.2+7-44"/>
    <property name="sun.io.unicode.encoding" value="UnicodeLittle"/>
    <property name="java.class.version" value="63.0"/>
  </properties>
  <testcase name="getPreco(): quando acionado deve retornar o valor do preço do produto - Cenário 1" classname="school.sptech.projeto1.heranca.ProdutoTest" time="0.022"/>
  <testcase name="classe Produto deve conter getters e setters para todos os atributos" classname="school.sptech.projeto1.heranca.ProdutoTest" time="0.006"/>
  <testcase name="getPreco(): quando acionado deve retornar o valor do preço do produto - Cenário 2" classname="school.sptech.projeto1.heranca.ProdutoTest" time="0"/>
</testsuite>